<?xml version="1.0" encoding="UTF-8"?>
<!-- Generated by org.testng.reporters.JUnitReportReporter -->
<testsuite hostname="Harinis-Air" failures="0" tests="1" name="com.wbqa.TestCase.TestLogin" time="1.140" errors="0" timestamp="2020-08-18T21:08:39 PDT" skipped="0">
  <testcase classname="com.wbqa.TestCase.TestLogin" name="verifyLogin" time="1.140"/>
  <system-out/>
</testsuite> <!-- com.wbqa.TestCase.TestLogin -->
