<?xml version="1.0" encoding="UTF-8"?>
<!-- Generated by org.testng.reporters.JUnitReportReporter -->
<testsuite hostname="Harinis-Air" failures="0" tests="3" name="com.wbqa.TestCase.TestLoginDDT" time="10.459" errors="0" timestamp="2020-08-17T16:21:17 PDT" skipped="0">
  <testcase classname="com.wbqa.TestCase.TestLoginDDT" name="loginDDT" time="3.429"/>
  <system-out/>
  <testcase classname="com.wbqa.TestCase.TestLoginDDT" name="loginDDT" time="3.396"/>
  <system-out/>
  <testcase classname="com.wbqa.TestCase.TestLoginDDT" name="loginDDT" time="3.634"/>
  <system-out/>
</testsuite> <!-- com.wbqa.TestCase.TestLoginDDT -->
